INFO  2019-06-17 10:22:38,334 (Saros.java:220) Starting Saros 14.10.31 running:
  Java Version: 1.8.0_144
  Java Vendor: Oracle Corporation
  Eclipse Runtime Version: 3.13.0.v20170207-1030
  Operating System: Mac OS X (10.14.5)
  Hardware Architecture: x86_64
INFO  2019-06-17 10:22:38,384 (SarosContext.java:153) creating Saros runtime context...
DEBUG 2019-06-17 10:22:38,428 (XMPPAccountStore.java:117) loading accounts from file: /Users/andrewyu/.saros/config.dat
DEBUG 2019-06-17 10:22:38,655 (XMPPAccountStore.java:176) loaded 1 account(s)
INFO  2019-06-17 10:22:38,821 (SarosContext.java:199) successfully created Saros runtime context
DEBUG 2019-06-17 10:22:38,844 (DataTransferManager.java:467) used transport order for the current XMPP connection: [XMPP-Socks5-Transport, XMPP-IBB-Transport]
INFO  2019-06-17 10:22:38,867 (PreferenceInitializer.java:50) initializing preference default values
DEBUG 2019-06-17 10:22:38,906 (SarosAnnotation.java:117) resetting annotation colors
DEBUG 2019-06-17 10:22:38,913 (Saros.java:264) autogenerated favorite color id is: 0
DEBUG 2019-06-17 10:22:38,914 (Saros.java:430) skipping conversion of old XMPP accounts, because there are already new ones
DEBUG 2019-06-17 10:22:48,918 (WhiteboardManager.java:194) WhiteboardManager instantiated
DEBUG 2019-06-17 10:22:48,943 (DocumentRecord.java:93) Added Node: attr(156073456893825814) name=svg
DEBUG 2019-06-17 10:22:54,077 (XMPPConnectionService.java:439) started Socks5 proxy on port: 7777 [listening on all interfaces]
DEBUG 2019-06-17 10:22:54,079 (XMPPConnectionService.java:459) using autodetected addresses: [192.168.1.129, fe80:0:0:0:aede:48ff:fe00:1122%en5, fe80:0:0:0:eb86:9a43:20d5:999%utun0, fe80:0:0:0:10f6:20ff:fecf:17c3%awdl0, fe80:0:0:0:dc:7aad:175c:b37e%en0]
DEBUG 2019-06-17 10:22:54,090 (XMPPConnectionService.java:398)  new connection state == CONNECTING
DEBUG 2019-06-17 10:23:00,967 (XMPPConnectionService.java:398) ayu1998@saros-con.imp.fu-berlin.de/Saros new connection state == CONNECTED
DEBUG 2019-06-17 10:23:00,967 (DataTransferManager.java:467) used transport order for the current XMPP connection: [XMPP-Socks5-Transport, XMPP-IBB-Transport]
DEBUG 2019-06-17 10:23:00,970 (SkypeManager.java:289) Refreshing Skype username cache...
WARN  2019-06-17 10:23:04,436 (StunServiceImpl.java:420) received no response from STUN server stunserver.org/67.227.226.240:3478 at local address /192.168.1.129:0
DEBUG 2019-06-17 10:24:14,734 (SharedDocumentProvider.java:77) SharedDocumentProvider created by Eclipse
ERROR 2019-06-17 13:46:58,872 (XMPPConnectionService.java:101) XMPP connection error: 
java.net.SocketException: Connection reset
	at java.net.SocketInputStream.read(SocketInputStream.java:210)
	at java.net.SocketInputStream.read(SocketInputStream.java:141)
	at sun.security.ssl.InputRecord.readFully(InputRecord.java:465)
	at sun.security.ssl.InputRecord.read(InputRecord.java:503)
	at sun.security.ssl.SSLSocketImpl.readRecord(SSLSocketImpl.java:983)
	at sun.security.ssl.SSLSocketImpl.readDataRecord(SSLSocketImpl.java:940)
	at sun.security.ssl.AppInputStream.read(AppInputStream.java:105)
	at sun.nio.cs.StreamDecoder.readBytes(StreamDecoder.java:284)
	at sun.nio.cs.StreamDecoder.implRead(StreamDecoder.java:326)
	at sun.nio.cs.StreamDecoder.read(StreamDecoder.java:178)
	at java.io.InputStreamReader.read(InputStreamReader.java:184)
	at java.io.BufferedReader.fill(BufferedReader.java:161)
	at java.io.BufferedReader.read1(BufferedReader.java:212)
	at java.io.BufferedReader.read(BufferedReader.java:286)
	at org.xmlpull.mxp1.MXParser.fillBuf(MXParser.java:2992)
	at org.xmlpull.mxp1.MXParser.more(MXParser.java:3046)
	at org.xmlpull.mxp1.MXParser.nextImpl(MXParser.java:1144)
	at org.xmlpull.mxp1.MXParser.next(MXParser.java:1093)
	at org.jivesoftware.smack.PacketReader.parsePackets(PacketReader.java:312)
	at org.jivesoftware.smack.PacketReader.access$000(PacketReader.java:48)
	at org.jivesoftware.smack.PacketReader$1.run(PacketReader.java:76)
ERROR 2019-06-17 13:46:58,876 (XMPPConnectionService.java:400)  new connection state == ERROR
java.net.SocketException: Connection reset
	at java.net.SocketInputStream.read(SocketInputStream.java:210)
	at java.net.SocketInputStream.read(SocketInputStream.java:141)
	at sun.security.ssl.InputRecord.readFully(InputRecord.java:465)
	at sun.security.ssl.InputRecord.read(InputRecord.java:503)
	at sun.security.ssl.SSLSocketImpl.readRecord(SSLSocketImpl.java:983)
	at sun.security.ssl.SSLSocketImpl.readDataRecord(SSLSocketImpl.java:940)
	at sun.security.ssl.AppInputStream.read(AppInputStream.java:105)
	at sun.nio.cs.StreamDecoder.readBytes(StreamDecoder.java:284)
	at sun.nio.cs.StreamDecoder.implRead(StreamDecoder.java:326)
	at sun.nio.cs.StreamDecoder.read(StreamDecoder.java:178)
	at java.io.InputStreamReader.read(InputStreamReader.java:184)
	at java.io.BufferedReader.fill(BufferedReader.java:161)
	at java.io.BufferedReader.read1(BufferedReader.java:212)
	at java.io.BufferedReader.read(BufferedReader.java:286)
	at org.xmlpull.mxp1.MXParser.fillBuf(MXParser.java:2992)
	at org.xmlpull.mxp1.MXParser.more(MXParser.java:3046)
	at org.xmlpull.mxp1.MXParser.nextImpl(MXParser.java:1144)
	at org.xmlpull.mxp1.MXParser.next(MXParser.java:1093)
	at org.jivesoftware.smack.PacketReader.parsePackets(PacketReader.java:312)
	at org.jivesoftware.smack.PacketReader.access$000(PacketReader.java:48)
	at org.jivesoftware.smack.PacketReader$1.run(PacketReader.java:76)
DEBUG 2019-06-17 13:46:58,880 (XMPPConnectionService.java:398)  new connection state == NOT_CONNECTED
DEBUG 2019-06-18 08:14:42,950 (IconUtils.java:197) color: RGB {255, 255, 255}
DEBUG 2019-06-18 08:14:42,951 (IconUtils.java:208) create foreground icon with color RGB {0, 0, 0}
