INFO  2019-07-16 22:18:47,822 (Saros.java:220) Starting Saros 14.10.31 running:
  Java Version: 1.8.0_144
  Java Vendor: Oracle Corporation
  Eclipse Runtime Version: 3.13.0.v20170207-1030
  Operating System: Mac OS X (10.14.5)
  Hardware Architecture: x86_64
INFO  2019-07-16 22:18:47,872 (SarosContext.java:153) creating Saros runtime context...
DEBUG 2019-07-16 22:18:47,914 (XMPPAccountStore.java:117) loading accounts from file: /Users/andrewyu/.saros/config.dat
DEBUG 2019-07-16 22:18:48,456 (XMPPAccountStore.java:176) loaded 1 account(s)
INFO  2019-07-16 22:18:49,066 (SarosContext.java:199) successfully created Saros runtime context
DEBUG 2019-07-16 22:18:49,088 (DataTransferManager.java:467) used transport order for the current XMPP connection: [XMPP-Socks5-Transport, XMPP-IBB-Transport]
INFO  2019-07-16 22:18:49,111 (PreferenceInitializer.java:50) initializing preference default values
DEBUG 2019-07-16 22:18:49,147 (SarosAnnotation.java:117) resetting annotation colors
DEBUG 2019-07-16 22:18:49,346 (Saros.java:264) autogenerated favorite color id is: 1
DEBUG 2019-07-16 22:18:49,348 (Saros.java:430) skipping conversion of old XMPP accounts, because there are already new ones
DEBUG 2019-07-16 22:18:57,414 (SharedDocumentProvider.java:77) SharedDocumentProvider created by Eclipse
DEBUG 2019-07-16 22:19:20,316 (WhiteboardManager.java:194) WhiteboardManager instantiated
DEBUG 2019-07-16 22:19:20,677 (DocumentRecord.java:93) Added Node: attr(156328676067441241) name=svg
DEBUG 2019-07-16 22:19:27,158 (XMPPConnectionService.java:439) started Socks5 proxy on port: 7777 [listening on all interfaces]
DEBUG 2019-07-16 22:19:27,160 (XMPPConnectionService.java:459) using autodetected addresses: [192.168.2.102, fe80:0:0:0:cdaa:bc5d:9883:542a%utun0, fe80:0:0:0:ec5a:26ff:fea0:f24c%awdl0, fe80:0:0:0:aede:48ff:fe00:1122%en5, fe80:0:0:0:456:259:244d:2d36%en0]
DEBUG 2019-07-16 22:19:27,167 (XMPPConnectionService.java:398)  new connection state == CONNECTING
DEBUG 2019-07-16 22:19:32,261 (XMPPConnectionService.java:398) ayu1998@saros-con.imp.fu-berlin.de/Saros new connection state == CONNECTED
DEBUG 2019-07-16 22:19:32,261 (DataTransferManager.java:467) used transport order for the current XMPP connection: [XMPP-Socks5-Transport, XMPP-IBB-Transport]
DEBUG 2019-07-16 22:19:32,262 (SkypeManager.java:289) Refreshing Skype username cache...
WARN  2019-07-16 22:19:37,272 (StunServiceImpl.java:420) received no response from STUN server stunserver.org/67.227.226.240:3478 at local address /192.168.2.102:0
ERROR 2019-07-17 04:42:01,065 (XMPPConnectionService.java:101) XMPP connection error: 
java.net.SocketException: Connection reset
	at java.net.SocketInputStream.read(SocketInputStream.java:210)
	at java.net.SocketInputStream.read(SocketInputStream.java:141)
	at sun.security.ssl.InputRecord.readFully(InputRecord.java:465)
	at sun.security.ssl.InputRecord.read(InputRecord.java:503)
	at sun.security.ssl.SSLSocketImpl.readRecord(SSLSocketImpl.java:983)
	at sun.security.ssl.SSLSocketImpl.readDataRecord(SSLSocketImpl.java:940)
	at sun.security.ssl.AppInputStream.read(AppInputStream.java:105)
	at sun.nio.cs.StreamDecoder.readBytes(StreamDecoder.java:284)
	at sun.nio.cs.StreamDecoder.implRead(StreamDecoder.java:326)
	at sun.nio.cs.StreamDecoder.read(StreamDecoder.java:178)
	at java.io.InputStreamReader.read(InputStreamReader.java:184)
	at java.io.BufferedReader.fill(BufferedReader.java:161)
	at java.io.BufferedReader.read1(BufferedReader.java:212)
	at java.io.BufferedReader.read(BufferedReader.java:286)
	at org.xmlpull.mxp1.MXParser.fillBuf(MXParser.java:2992)
	at org.xmlpull.mxp1.MXParser.more(MXParser.java:3046)
	at org.xmlpull.mxp1.MXParser.nextImpl(MXParser.java:1144)
	at org.xmlpull.mxp1.MXParser.next(MXParser.java:1093)
	at org.jivesoftware.smack.PacketReader.parsePackets(PacketReader.java:312)
	at org.jivesoftware.smack.PacketReader.access$000(PacketReader.java:48)
	at org.jivesoftware.smack.PacketReader$1.run(PacketReader.java:76)
ERROR 2019-07-17 04:42:01,073 (XMPPConnectionService.java:400)  new connection state == ERROR
java.net.SocketException: Connection reset
	at java.net.SocketInputStream.read(SocketInputStream.java:210)
	at java.net.SocketInputStream.read(SocketInputStream.java:141)
	at sun.security.ssl.InputRecord.readFully(InputRecord.java:465)
	at sun.security.ssl.InputRecord.read(InputRecord.java:503)
	at sun.security.ssl.SSLSocketImpl.readRecord(SSLSocketImpl.java:983)
	at sun.security.ssl.SSLSocketImpl.readDataRecord(SSLSocketImpl.java:940)
	at sun.security.ssl.AppInputStream.read(AppInputStream.java:105)
	at sun.nio.cs.StreamDecoder.readBytes(StreamDecoder.java:284)
	at sun.nio.cs.StreamDecoder.implRead(StreamDecoder.java:326)
	at sun.nio.cs.StreamDecoder.read(StreamDecoder.java:178)
	at java.io.InputStreamReader.read(InputStreamReader.java:184)
	at java.io.BufferedReader.fill(BufferedReader.java:161)
	at java.io.BufferedReader.read1(BufferedReader.java:212)
	at java.io.BufferedReader.read(BufferedReader.java:286)
	at org.xmlpull.mxp1.MXParser.fillBuf(MXParser.java:2992)
	at org.xmlpull.mxp1.MXParser.more(MXParser.java:3046)
	at org.xmlpull.mxp1.MXParser.nextImpl(MXParser.java:1144)
	at org.xmlpull.mxp1.MXParser.next(MXParser.java:1093)
	at org.jivesoftware.smack.PacketReader.parsePackets(PacketReader.java:312)
	at org.jivesoftware.smack.PacketReader.access$000(PacketReader.java:48)
	at org.jivesoftware.smack.PacketReader$1.run(PacketReader.java:76)
DEBUG 2019-07-17 04:42:01,076 (XMPPConnectionService.java:398)  new connection state == NOT_CONNECTED
