INFO  2019-07-16 09:18:34,995 (Saros.java:220) Starting Saros 14.10.31 running:
  Java Version: 1.8.0_144
  Java Vendor: Oracle Corporation
  Eclipse Runtime Version: 3.13.0.v20170207-1030
  Operating System: Mac OS X (10.14.5)
  Hardware Architecture: x86_64
INFO  2019-07-16 09:18:35,038 (SarosContext.java:153) creating Saros runtime context...
DEBUG 2019-07-16 09:18:35,080 (XMPPAccountStore.java:117) loading accounts from file: /Users/andrewyu/.saros/config.dat
DEBUG 2019-07-16 09:18:35,270 (XMPPAccountStore.java:176) loaded 1 account(s)
INFO  2019-07-16 09:18:35,457 (SarosContext.java:199) successfully created Saros runtime context
DEBUG 2019-07-16 09:18:35,477 (DataTransferManager.java:467) used transport order for the current XMPP connection: [XMPP-Socks5-Transport, XMPP-IBB-Transport]
INFO  2019-07-16 09:18:35,500 (PreferenceInitializer.java:50) initializing preference default values
DEBUG 2019-07-16 09:18:35,533 (SarosAnnotation.java:117) resetting annotation colors
DEBUG 2019-07-16 09:18:35,539 (Saros.java:264) autogenerated favorite color id is: 4
DEBUG 2019-07-16 09:18:35,540 (Saros.java:430) skipping conversion of old XMPP accounts, because there are already new ones
DEBUG 2019-07-16 09:18:38,879 (SharedDocumentProvider.java:77) SharedDocumentProvider created by Eclipse
DEBUG 2019-07-16 09:18:56,626 (WhiteboardManager.java:194) WhiteboardManager instantiated
DEBUG 2019-07-16 09:18:56,650 (DocumentRecord.java:93) Added Node: attr(156323993664439997) name=svg
DEBUG 2019-07-16 09:19:01,806 (XMPPConnectionService.java:439) started Socks5 proxy on port: 7777 [listening on all interfaces]
DEBUG 2019-07-16 09:19:01,808 (XMPPConnectionService.java:459) using autodetected addresses: [192.168.2.102, fe80:0:0:0:555c:a412:bf26:3587%utun0, fe80:0:0:0:248f:22ff:fe44:5999%awdl0, fe80:0:0:0:aede:48ff:fe00:1122%en5, fe80:0:0:0:60:d6da:5ba9:cc85%en0]
DEBUG 2019-07-16 09:19:01,816 (XMPPConnectionService.java:398)  new connection state == CONNECTING
DEBUG 2019-07-16 09:19:07,182 (XMPPConnectionService.java:398) ayu1998@saros-con.imp.fu-berlin.de/Saros new connection state == CONNECTED
DEBUG 2019-07-16 09:19:07,182 (DataTransferManager.java:467) used transport order for the current XMPP connection: [XMPP-Socks5-Transport, XMPP-IBB-Transport]
DEBUG 2019-07-16 09:19:07,187 (SkypeManager.java:289) Refreshing Skype username cache...
WARN  2019-07-16 09:19:11,909 (StunServiceImpl.java:420) received no response from STUN server stunserver.org/67.227.226.240:3478 at local address /192.168.2.102:0
